Activating virtual environment...
Starting Latent Consistency Model training (DDP mode)
Job Node: mscluster76.ms.wits.ac.za
GPUs available: 
Unable to determine the device handle for GPU0000:17:00.0: Unknown Error
[2025-10-17 10:55:32,220] torch.distributed.run: [WARNING] master_addr is only used for static rdzv_backend and when rdzv_endpoint is not specified.
Traceback (most recent call last):
  File "/home-mscluster/onailana/ASR-LCM-Research/training6.py", line 111, in <module>
    main()
  File "/home-mscluster/onailana/ASR-LCM-Research/training6.py", line 38, in main
    torch.cuda.set_device(local_rank)
  File "/home-mscluster/onailana/miniconda3/envs/env/lib/python3.9/site-packages/torch/cuda/__init__.py", line 404, in set_device
    torch._C._cuda_setDevice(device)
  File "/home-mscluster/onailana/miniconda3/envs/env/lib/python3.9/site-packages/torch/cuda/__init__.py", line 298, in _lazy_init
    torch._C._cuda_init()
RuntimeError: CUDA unknown error - this may be due to an incorrectly set up environment, e.g. changing env variable CUDA_VISIBLE_DEVICES after program start. Setting the available devices to be zero.
[2025-10-17 10:55:42,323] torch.distributed.elastic.multiprocessing.api: [ERROR] failed (exitcode: 1) local_rank: 0 (pid: 1238552) of binary: /home-mscluster/onailana/miniconda3/envs/env/bin/python3.9
Traceback (most recent call last):
  File "/home-mscluster/onailana/miniconda3/envs/env/bin/torchrun", line 7, in <module>
    sys.exit(main())
  File "/home-mscluster/onailana/miniconda3/envs/env/lib/python3.9/site-packages/torch/distributed/elastic/multiprocessing/errors/__init__.py", line 346, in wrapper
    return f(*args, **kwargs)
  File "/home-mscluster/onailana/miniconda3/envs/env/lib/python3.9/site-packages/torch/distributed/run.py", line 806, in main
    run(args)
  File "/home-mscluster/onailana/miniconda3/envs/env/lib/python3.9/site-packages/torch/distributed/run.py", line 797, in run
    elastic_launch(
  File "/home-mscluster/onailana/miniconda3/envs/env/lib/python3.9/site-packages/torch/distributed/launcher/api.py", line 134, in __call__
    return launch_agent(self._config, self._entrypoint, list(args))
  File "/home-mscluster/onailana/miniconda3/envs/env/lib/python3.9/site-packages/torch/distributed/launcher/api.py", line 264, in launch_agent
    raise ChildFailedError(
torch.distributed.elastic.multiprocessing.errors.ChildFailedError: 
============================================================
/home-mscluster/onailana/ASR-LCM-Research/training6.py FAILED
------------------------------------------------------------
Failures:
  <NO_OTHER_FAILURES>
------------------------------------------------------------
Root Cause (first observed failure):
[0]:
  time      : 2025-10-17_10:55:42
  host      : mscluster76.ms.wits.ac.za
  rank      : 0 (local_rank: 0)
  exitcode  : 1 (pid: 1238552)
  error_file: <N/A>
  traceback : To enable traceback see: https://pytorch.org/docs/stable/elastic/errors.html
============================================================
Training complete at Fri Oct 17 10:55:42 AM SAST 2025
