Virt env active
Training LCM Model
[2025-10-10 11:09:00,933] torch.distributed.run: [WARNING] 
[2025-10-10 11:09:00,933] torch.distributed.run: [WARNING] *****************************************
[2025-10-10 11:09:00,933] torch.distributed.run: [WARNING] Setting OMP_NUM_THREADS environment variable for each process to be 1 in default, to avoid your system being overloaded, please further tune the variable for optimal performance in your application as needed. 
[2025-10-10 11:09:00,933] torch.distributed.run: [WARNING] *****************************************
[Rank 0/2] Using device: cuda:0
[Rank 1/2] Using device: cuda:1
[Rank 1] Distributed process group initialized
[Rank 0] Distributed process group initialized
[Rank 0] Model wrapped in DDP
2025-10-10 11:09:18 | INFO | No checkpoint found, starting from scratch.
[Rank 1] Model wrapped in DDP
2025-10-10 11:09:18 | INFO | No checkpoint found, starting from scratch.
wandb: Currently logged in as: ratinailana (ratinailana-university-of-the-witwatersrand) to https://api.wandb.ai. Use `wandb login --relogin` to force relogin
wandb: Currently logged in as: ratinailana (ratinailana-university-of-the-witwatersrand) to https://api.wandb.ai. Use `wandb login --relogin` to force relogin
wandb: setting up run 3jkup4jr
wandb: setting up run 1gqq5gc6
wandb: Tracking run with wandb version 0.22.1
wandb: Run data is saved locally in /home-mscluster/onailana/ASR-LCM-Research/scripts/wandb/run-20251010_110919-1gqq5gc6
wandb: Run `wandb offline` to turn off syncing.
wandb: Syncing run lively-sunset-20
wandb: ⭐️ View project at https://wandb.ai/ratinailana-university-of-the-witwatersrand/lcm-training
wandb: 🚀 View run at https://wandb.ai/ratinailana-university-of-the-witwatersrand/lcm-training/runs/1gqq5gc6
wandb: Tracking run with wandb version 0.22.1
wandb: Run data is saved locally in /home-mscluster/onailana/ASR-LCM-Research/scripts/wandb/run-20251010_110919-3jkup4jr
wandb: Run `wandb offline` to turn off syncing.
wandb: Syncing run fragrant-fog-20
wandb: ⭐️ View project at https://wandb.ai/ratinailana-university-of-the-witwatersrand/lcm-training
wandb: 🚀 View run at https://wandb.ai/ratinailana-university-of-the-witwatersrand/lcm-training/runs/3jkup4jr
Traceback (most recent call last):
Traceback (most recent call last):
  File "/home-mscluster/onailana/ASR-LCM-Research/training4.py", line 101, in <module>
    main()
  File "/home-mscluster/onailana/ASR-LCM-Research/training4.py", line 101, in <module>
    main()
  File "/home-mscluster/onailana/ASR-LCM-Research/training4.py", line 74, in main
    train_lcm(
  File "/home-mscluster/onailana/ASR-LCM-Research/training4.py", line 74, in main
    train_lcm(
  File "/home-mscluster/onailana/ASR-LCM-Research/lcm3.py", line 267, in train_lcm
    val_loss, val_per_codebook = validate_lcm(val_loader, model, device, loss_fn)
  File "/home-mscluster/onailana/ASR-LCM-Research/lcm3.py", line 267, in train_lcm
    val_loss, val_per_codebook = validate_lcm(val_loader, model, device, loss_fn)
  File "/home-mscluster/onailana/ASR-LCM-Research/lcm3.py", line 145, in validate_lcm
    per_codebook_losses = [0] * 32 // model.n_codebooks
  File "/home-mscluster/onailana/ASR-LCM-Research/lcm3.py", line 145, in validate_lcm
    per_codebook_losses = [0] * 32 // model.n_codebooks
  File "/home-mscluster/onailana/miniconda3/envs/env/lib/python3.9/site-packages/torch/nn/modules/module.py", line 1695, in __getattr__
    raise AttributeError(f"'{type(self).__name__}' object has no attribute '{name}'")
  File "/home-mscluster/onailana/miniconda3/envs/env/lib/python3.9/site-packages/torch/nn/modules/module.py", line 1695, in __getattr__
    raise AttributeError(f"'{type(self).__name__}' object has no attribute '{name}'")
AttributeError: 'DistributedDataParallel' object has no attribute 'n_codebooks'
AttributeError: 'DistributedDataParallel' object has no attribute 'n_codebooks'
Traceback (most recent call last):
  File "/home-mscluster/onailana/ASR-LCM-Research/training4.py", line 101, in <module>
    main()
  File "/home-mscluster/onailana/ASR-LCM-Research/training4.py", line 74, in main
    train_lcm(
  File "/home-mscluster/onailana/ASR-LCM-Research/lcm3.py", line 267, in train_lcm
    val_loss, val_per_codebook = validate_lcm(val_loader, model, device, loss_fn)
  File "/home-mscluster/onailana/ASR-LCM-Research/lcm3.py", line 145, in validate_lcm
    per_codebook_losses = [0] * 32 // model.n_codebooks
  File "/home-mscluster/onailana/miniconda3/envs/env/lib/python3.9/site-packages/torch/nn/modules/module.py", line 1695, in __getattr__
    raise AttributeError(f"'{type(self).__name__}' object has no attribute '{name}'")
AttributeError: 'DistributedDataParallel' object has no attribute 'n_codebooks'
Traceback (most recent call last):
  File "/home-mscluster/onailana/ASR-LCM-Research/training4.py", line 101, in <module>
    main()
  File "/home-mscluster/onailana/ASR-LCM-Research/training4.py", line 74, in main
    train_lcm(
  File "/home-mscluster/onailana/ASR-LCM-Research/lcm3.py", line 267, in train_lcm
    val_loss, val_per_codebook = validate_lcm(val_loader, model, device, loss_fn)
  File "/home-mscluster/onailana/ASR-LCM-Research/lcm3.py", line 145, in validate_lcm
    per_codebook_losses = [0] * 32 // model.n_codebooks
  File "/home-mscluster/onailana/miniconda3/envs/env/lib/python3.9/site-packages/torch/nn/modules/module.py", line 1695, in __getattr__
    raise AttributeError(f"'{type(self).__name__}' object has no attribute '{name}'")
AttributeError: 'DistributedDataParallel' object has no attribute 'n_codebooks'
[1;34mwandb[0m: 
[1;34mwandb[0m: 🚀 View run [33mfragrant-fog-20[0m at: [34m[0m
[1;34mwandb[0m: Find logs at: [1;35mwandb/run-20251010_110919-3jkup4jr/logs[0m
[1;34mwandb[0m: 
[1;34mwandb[0m: 🚀 View run [33mlively-sunset-20[0m at: [34m[0m
[1;34mwandb[0m: Find logs at: [1;35mwandb/run-20251010_110919-1gqq5gc6/logs[0m
[2025-10-10 13:50:30,976] torch.distributed.elastic.multiprocessing.api: [WARNING] Sending process 3042967 closing signal SIGTERM
[2025-10-10 13:50:31,141] torch.distributed.elastic.multiprocessing.api: [ERROR] failed (exitcode: 1) local_rank: 1 (pid: 3042968) of binary: /home-mscluster/onailana/miniconda3/envs/env/bin/python3.9
Traceback (most recent call last):
  File "/home-mscluster/onailana/miniconda3/envs/env/bin/torchrun", line 7, in <module>
    sys.exit(main())
  File "/home-mscluster/onailana/miniconda3/envs/env/lib/python3.9/site-packages/torch/distributed/elastic/multiprocessing/errors/__init__.py", line 346, in wrapper
    return f(*args, **kwargs)
  File "/home-mscluster/onailana/miniconda3/envs/env/lib/python3.9/site-packages/torch/distributed/run.py", line 806, in main
    run(args)
  File "/home-mscluster/onailana/miniconda3/envs/env/lib/python3.9/site-packages/torch/distributed/run.py", line 797, in run
    elastic_launch(
  File "/home-mscluster/onailana/miniconda3/envs/env/lib/python3.9/site-packages/torch/distributed/launcher/api.py", line 134, in __call__
    return launch_agent(self._config, self._entrypoint, list(args))
  File "/home-mscluster/onailana/miniconda3/envs/env/lib/python3.9/site-packages/torch/distributed/launcher/api.py", line 264, in launch_agent
    raise ChildFailedError(
torch.distributed.elastic.multiprocessing.errors.ChildFailedError: 
============================================================
/home-mscluster/onailana/ASR-LCM-Research/training4.py FAILED
------------------------------------------------------------
Failures:
  <NO_OTHER_FAILURES>
------------------------------------------------------------
Root Cause (first observed failure):
[0]:
  time      : 2025-10-10_13:50:30
  host      : mscluster106.ms.wits.ac.za
  rank      : 1 (local_rank: 1)
  exitcode  : 1 (pid: 3042968)
  error_file: <N/A>
  traceback : To enable traceback see: https://pytorch.org/docs/stable/elastic/errors.html
============================================================
