Virt env active
Training LCM Model
2025-09-29 11:36:14 | INFO | Logging initialized. Log file: /datasets/onailana/checkpoints/training_log_20250929_113614.log
2025-09-29 11:36:14 | INFO | ============================================================
2025-09-29 11:36:14 | INFO | STARTING LCM TRAINING
2025-09-29 11:36:14 | INFO | ============================================================
2025-09-29 11:36:14 | INFO | Training configuration:
2025-09-29 11:36:14 | INFO |   csv_path: /datasets/onailana/codes/code_data.csv
2025-09-29 11:36:14 | INFO |   vocab_size: 1024
2025-09-29 11:36:14 | INFO |   d_model: 256
2025-09-29 11:36:14 | INFO |   n_heads: 4
2025-09-29 11:36:14 | INFO |   num_layers: 4
2025-09-29 11:36:14 | INFO |   batch_size: 4
2025-09-29 11:36:14 | INFO |   epochs: 10
2025-09-29 11:36:14 | INFO |   learning_rate: 0.0001
2025-09-29 11:36:14 | INFO |   device: cuda
2025-09-29 11:36:14 | INFO |   checkpoint_dir: /datasets/onailana/checkpoints
2025-09-29 11:36:14 | INFO |   save_every: 2
2025-09-29 11:36:14 | INFO | Metrics will be saved to: /datasets/onailana/checkpoints/training_metrics_20250929_113614.json
2025-09-29 11:36:14 | INFO | Loading dataset from: /datasets/onailana/codes/code_data.csv
2025-09-29 11:36:14 | INFO | Dataset loaded with 33201 samples
2025-09-29 11:36:14 | INFO | DataLoader created with batch_size=4, 8301 batches per epoch
2025-09-29 11:36:14 | INFO | Detected n_codebooks: 32
2025-09-29 11:36:14 | INFO | Initializing model...
2025-09-29 11:36:15 | INFO | Model initialized with 11,842,560 total parameters (11,842,560 trainable)
2025-09-29 11:36:20 | INFO | Optimizer: AdamW with learning rate 0.0001
2025-09-29 11:36:20 | INFO | Starting training loop...
2025-09-29 11:36:20 | INFO | 
Epoch 1/10
2025-09-29 11:36:20 | INFO | ----------------------------------------
2025-09-29 11:51:24 | INFO |   Batch 830/8301 (10.0%) - Loss: 4.1108 - Avg batch time: 0.977s
2025-09-29 12:06:03 | INFO |   Batch 1660/8301 (20.0%) - Loss: 4.7743 - Avg batch time: 0.964s
2025-09-29 12:21:08 | INFO |   Batch 2490/8301 (30.0%) - Loss: 2.1425 - Avg batch time: 0.971s
2025-09-29 12:35:38 | INFO |   Batch 3320/8301 (40.0%) - Loss: 3.6508 - Avg batch time: 0.964s
2025-09-29 12:50:50 | INFO |   Batch 4150/8301 (50.0%) - Loss: 2.5653 - Avg batch time: 0.971s
2025-09-29 13:05:41 | INFO |   Batch 4980/8301 (60.0%) - Loss: 4.5829 - Avg batch time: 0.971s
2025-09-29 13:20:20 | INFO |   Batch 5810/8301 (70.0%) - Loss: 2.5994 - Avg batch time: 0.970s
2025-09-29 13:35:09 | INFO |   Batch 6640/8301 (80.0%) - Loss: 4.1405 - Avg batch time: 0.971s
2025-09-29 13:50:07 | INFO |   Batch 7470/8301 (90.0%) - Loss: 3.1961 - Avg batch time: 0.973s
2025-09-29 14:04:18 | INFO |   Batch 8300/8301 (100.0%) - Loss: 4.2871 - Avg batch time: 0.970s
2025-09-29 14:04:19 | INFO | 
Epoch 1 Summary:
2025-09-29 14:04:19 | INFO |   Average Loss: 3.397148
2025-09-29 14:04:19 | INFO |   Per-codebook losses: ['2.0576', '3.0240', '3.2674', '3.3774', '3.4175', '3.4437', '3.4559', '3.4268', '3.4657', '3.4440', '3.4378', '3.4417', '3.4238', '3.4226', '3.4173', '3.4250', '3.3971', '3.3156', '3.5136', '3.5390', '3.5338', '3.5287', '3.5229', '3.5216', '3.5134', '3.5061', '3.4988', '3.4918', '3.4840', '3.4722', '3.4669', '3.4551']
2025-09-29 14:04:19 | INFO |   Epoch time: 8878.88s
2025-09-29 14:04:19 | INFO |   Average batch time: 0.970s
2025-09-29 14:04:19 | INFO |   Learning rate: 1.00e-04
2025-09-29 14:04:19 | INFO | 
Epoch 2/10
2025-09-29 14:04:19 | INFO | ----------------------------------------
2025-09-29 14:18:33 | INFO |   Batch 830/8301 (10.0%) - Loss: 3.9129 - Avg batch time: 0.960s
2025-09-29 14:33:24 | INFO |   Batch 1660/8301 (20.0%) - Loss: 3.0492 - Avg batch time: 0.981s
2025-09-29 14:47:33 | INFO |   Batch 2490/8301 (30.0%) - Loss: 2.3232 - Avg batch time: 0.971s
2025-09-29 15:02:18 | INFO |   Batch 3320/8301 (40.0%) - Loss: 2.5329 - Avg batch time: 0.977s
2025-09-29 15:16:37 | INFO |   Batch 4150/8301 (50.0%) - Loss: 3.8737 - Avg batch time: 0.974s
2025-09-29 15:30:32 | INFO |   Batch 4980/8301 (60.0%) - Loss: 4.4119 - Avg batch time: 0.968s
2025-09-29 15:44:19 | INFO |   Batch 5810/8301 (70.0%) - Loss: 3.5258 - Avg batch time: 0.962s
2025-09-29 15:58:41 | INFO |   Batch 6640/8301 (80.0%) - Loss: 3.4186 - Avg batch time: 0.963s
2025-09-29 16:12:55 | INFO |   Batch 7470/8301 (90.0%) - Loss: 3.7693 - Avg batch time: 0.963s
2025-09-29 16:27:08 | INFO |   Batch 8300/8301 (100.0%) - Loss: 3.7774 - Avg batch time: 0.962s
2025-09-29 16:27:08 | INFO | 
Epoch 2 Summary:
2025-09-29 16:27:08 | INFO |   Average Loss: 3.312995
2025-09-29 16:27:08 | INFO |   Per-codebook losses: ['1.6997', '2.7146', '3.0397', '3.2182', '3.2893', '3.3438', '3.3708', '3.3515', '3.3900', '3.3771', '3.3773', '3.3789', '3.3691', '3.3653', '3.3647', '3.3733', '3.3513', '3.2720', '3.4647', '3.4870', '3.4830', '3.4773', '3.4710', '3.4686', '3.4614', '3.4545', '3.4536', '3.4469', '3.4339', '3.4311', '3.4234', '3.4129']
2025-09-29 16:27:08 | INFO |   Epoch time: 8569.86s
2025-09-29 16:27:08 | INFO |   Average batch time: 0.962s
2025-09-29 16:27:08 | INFO |   Learning rate: 1.00e-04
2025-09-29 16:27:11 | INFO |   Checkpoint saved: /datasets/onailana/checkpoints/lcm_epoch2.pt
2025-09-29 16:27:11 | INFO | 
Epoch 3/10
2025-09-29 16:27:11 | INFO | ----------------------------------------
2025-09-29 16:41:41 | INFO |   Batch 830/8301 (10.0%) - Loss: 2.3216 - Avg batch time: 0.976s
2025-09-29 16:55:58 | INFO |   Batch 1660/8301 (20.0%) - Loss: 3.4110 - Avg batch time: 0.969s
2025-09-29 17:10:41 | INFO |   Batch 2490/8301 (30.0%) - Loss: 2.1084 - Avg batch time: 0.977s
2025-09-29 17:24:56 | INFO |   Batch 3320/8301 (40.0%) - Loss: 2.5198 - Avg batch time: 0.972s
2025-09-29 17:39:18 | INFO |   Batch 4150/8301 (50.0%) - Loss: 2.9614 - Avg batch time: 0.971s
2025-09-29 17:53:17 | INFO |   Batch 4980/8301 (60.0%) - Loss: 2.5774 - Avg batch time: 0.967s
2025-09-29 18:07:31 | INFO |   Batch 5810/8301 (70.0%) - Loss: 4.8130 - Avg batch time: 0.966s
2025-09-29 18:21:59 | INFO |   Batch 6640/8301 (80.0%) - Loss: 3.1796 - Avg batch time: 0.967s
2025-09-29 18:36:30 | INFO |   Batch 7470/8301 (90.0%) - Loss: 3.3794 - Avg batch time: 0.968s
2025-09-29 18:50:32 | INFO |   Batch 8300/8301 (100.0%) - Loss: 3.0510 - Avg batch time: 0.966s
2025-09-29 18:50:32 | INFO | 
Epoch 3 Summary:
2025-09-29 18:50:32 | INFO |   Average Loss: 3.288355
2025-09-29 18:50:32 | INFO |   Per-codebook losses: ['1.6722', '2.6689', '2.9912', '3.1724', '3.2488', '3.3100', '3.3434', '3.3300', '3.3714', '3.3597', '3.3618', '3.3631', '3.3540', '3.3498', '3.3479', '3.3571', '3.3347', '3.2563', '3.4417', '3.4653', '3.4611', '3.4549', '3.4468', '3.4449', '3.4370', '3.4307', '3.4279', '3.4235', '3.4090', '3.4065', '3.3981', '3.3872']
2025-09-29 18:50:32 | INFO |   Epoch time: 8600.63s
2025-09-29 18:50:32 | INFO |   Average batch time: 0.966s
2025-09-29 18:50:32 | INFO |   Learning rate: 1.00e-04
2025-09-29 18:50:32 | INFO | 
Epoch 4/10
2025-09-29 18:50:32 | INFO | ----------------------------------------
2025-09-29 19:04:49 | INFO |   Batch 830/8301 (10.0%) - Loss: 2.9740 - Avg batch time: 0.962s
2025-09-29 19:19:10 | INFO |   Batch 1660/8301 (20.0%) - Loss: 2.7646 - Avg batch time: 0.965s
2025-09-29 19:33:27 | INFO |   Batch 2490/8301 (30.0%) - Loss: 2.4555 - Avg batch time: 0.965s
2025-09-29 19:48:11 | INFO |   Batch 3320/8301 (40.0%) - Loss: 2.9272 - Avg batch time: 0.972s
2025-09-29 20:02:16 | INFO |   Batch 4150/8301 (50.0%) - Loss: 4.4184 - Avg batch time: 0.967s
2025-09-29 20:16:57 | INFO |   Batch 4980/8301 (60.0%) - Loss: 4.5440 - Avg batch time: 0.968s
2025-09-29 20:31:24 | INFO |   Batch 5810/8301 (70.0%) - Loss: 2.8412 - Avg batch time: 0.968s
2025-09-29 20:46:04 | INFO |   Batch 6640/8301 (80.0%) - Loss: 2.8770 - Avg batch time: 0.969s
2025-09-29 21:00:24 | INFO |   Batch 7470/8301 (90.0%) - Loss: 3.2650 - Avg batch time: 0.968s
2025-09-29 21:14:21 | INFO |   Batch 8300/8301 (100.0%) - Loss: 3.9974 - Avg batch time: 0.965s
2025-09-29 21:14:21 | INFO | 
Epoch 4 Summary:
2025-09-29 21:14:21 | INFO |   Average Loss: 3.282654
2025-09-29 21:14:21 | INFO |   Per-codebook losses: ['1.6596', '2.6516', '2.9736', '3.1542', '3.2331', '3.2967', '3.3321', '3.3223', '3.3659', '3.3554', '3.3579', '3.3596', '3.3508', '3.3460', '3.3446', '3.3542', '3.3317', '3.2544', '3.4378', '3.4594', '3.4583', '3.4520', '3.4435', '3.4423', '3.4350', '3.4301', '3.4258', '3.4217', '3.4073', '3.4051', '3.3969', '3.3862']
2025-09-29 21:14:21 | INFO |   Epoch time: 8628.91s
2025-09-29 21:14:21 | INFO |   Average batch time: 0.965s
2025-09-29 21:14:21 | INFO |   Learning rate: 1.00e-04
2025-09-29 21:14:23 | INFO |   Checkpoint saved: /datasets/onailana/checkpoints/lcm_epoch4.pt
2025-09-29 21:14:23 | INFO | 
Epoch 5/10
2025-09-29 21:14:23 | INFO | ----------------------------------------
2025-09-29 21:28:53 | INFO |   Batch 830/8301 (10.0%) - Loss: 2.8309 - Avg batch time: 0.977s
2025-09-29 21:43:12 | INFO |   Batch 1660/8301 (20.0%) - Loss: 2.2702 - Avg batch time: 0.971s
2025-09-29 21:57:39 | INFO |   Batch 2490/8301 (30.0%) - Loss: 2.6648 - Avg batch time: 0.971s
2025-09-29 22:11:59 | INFO |   Batch 3320/8301 (40.0%) - Loss: 1.9337 - Avg batch time: 0.970s
2025-09-29 22:26:05 | INFO |   Batch 4150/8301 (50.0%) - Loss: 4.4164 - Avg batch time: 0.966s
2025-09-29 22:40:05 | INFO |   Batch 4980/8301 (60.0%) - Loss: 4.3759 - Avg batch time: 0.962s
2025-09-29 22:54:09 | INFO |   Batch 5810/8301 (70.0%) - Loss: 2.0096 - Avg batch time: 0.960s
2025-09-29 23:09:08 | INFO |   Batch 6640/8301 (80.0%) - Loss: 3.6469 - Avg batch time: 0.967s
2025-09-29 23:23:31 | INFO |   Batch 7470/8301 (90.0%) - Loss: 4.3998 - Avg batch time: 0.966s
2025-09-29 23:38:20 | INFO |   Batch 8300/8301 (100.0%) - Loss: 4.1647 - Avg batch time: 0.969s
2025-09-29 23:38:20 | INFO | 
Epoch 5 Summary:
2025-09-29 23:38:20 | INFO |   Average Loss: 3.268450
2025-09-29 23:38:20 | INFO |   Per-codebook losses: ['1.6470', '2.6322', '2.9538', '3.1339', '3.2135', '3.2775', '3.3138', '3.3057', '3.3504', '3.3411', '3.3436', '3.3460', '3.3376', '3.3322', '3.3313', '3.3416', '3.3194', '3.2430', '3.4246', '3.4457', '3.4459', '3.4388', '3.4309', '3.4292', '3.4225', '3.4184', '3.4140', '3.4094', '3.3954', '3.3926', '3.3850', '3.3744']
2025-09-29 23:38:20 | INFO |   Epoch time: 8637.71s
2025-09-29 23:38:20 | INFO |   Average batch time: 0.968s
2025-09-29 23:38:20 | INFO |   Learning rate: 1.00e-04
2025-09-29 23:38:20 | INFO | 
Epoch 6/10
2025-09-29 23:38:20 | INFO | ----------------------------------------
2025-09-29 23:52:52 | INFO |   Batch 830/8301 (10.0%) - Loss: 3.9478 - Avg batch time: 0.978s
2025-09-30 00:07:30 | INFO |   Batch 1660/8301 (20.0%) - Loss: 5.0173 - Avg batch time: 0.976s
2025-09-30 00:22:01 | INFO |   Batch 2490/8301 (30.0%) - Loss: 2.3502 - Avg batch time: 0.976s
2025-09-30 00:36:06 | INFO |   Batch 3320/8301 (40.0%) - Loss: 3.4459 - Avg batch time: 0.969s
2025-09-30 00:49:53 | INFO |   Batch 4150/8301 (50.0%) - Loss: 4.3614 - Avg batch time: 0.961s
2025-09-30 01:04:07 | INFO |   Batch 4980/8301 (60.0%) - Loss: 3.1207 - Avg batch time: 0.960s
2025-09-30 01:18:51 | INFO |   Batch 5810/8301 (70.0%) - Loss: 3.4302 - Avg batch time: 0.965s
2025-09-30 01:32:48 | INFO |   Batch 6640/8301 (80.0%) - Loss: 3.5843 - Avg batch time: 0.962s
2025-09-30 01:47:21 | INFO |   Batch 7470/8301 (90.0%) - Loss: 2.3021 - Avg batch time: 0.964s
2025-09-30 02:01:37 | INFO |   Batch 8300/8301 (100.0%) - Loss: 3.1823 - Avg batch time: 0.964s
2025-09-30 02:01:38 | INFO | 
Epoch 6 Summary:
2025-09-30 02:01:38 | INFO |   Average Loss: 3.267207
2025-09-30 02:01:38 | INFO |   Per-codebook losses: ['1.6430', '2.6267', '2.9490', '3.1290', '3.2092', '3.2733', '3.3101', '3.3030', '3.3480', '3.3397', '3.3424', '3.3453', '3.3370', '3.3309', '3.3304', '3.3406', '3.3193', '3.2434', '3.4237', '3.4447', '3.4461', '3.4383', '3.4306', '3.4291', '3.4230', '3.4191', '3.4147', '3.4096', '3.3965', '3.3936', '3.3861', '3.3753']
2025-09-30 02:01:38 | INFO |   Epoch time: 8597.14s
2025-09-30 02:01:38 | INFO |   Average batch time: 0.964s
2025-09-30 02:01:38 | INFO |   Learning rate: 1.00e-04
2025-09-30 02:01:41 | INFO |   Checkpoint saved: /datasets/onailana/checkpoints/lcm_epoch6.pt
2025-09-30 02:01:41 | INFO | 
Epoch 7/10
2025-09-30 02:01:41 | INFO | ----------------------------------------
2025-09-30 02:15:51 | INFO |   Batch 830/8301 (10.0%) - Loss: 4.2029 - Avg batch time: 0.955s
2025-09-30 02:30:14 | INFO |   Batch 1660/8301 (20.0%) - Loss: 3.5198 - Avg batch time: 0.963s
2025-09-30 02:44:10 | INFO |   Batch 2490/8301 (30.0%) - Loss: 3.3098 - Avg batch time: 0.955s
2025-09-30 02:58:20 | INFO |   Batch 3320/8301 (40.0%) - Loss: 3.9730 - Avg batch time: 0.955s
2025-09-30 03:12:34 | INFO |   Batch 4150/8301 (50.0%) - Loss: 3.2537 - Avg batch time: 0.956s
2025-09-30 03:26:55 | INFO |   Batch 4980/8301 (60.0%) - Loss: 3.6764 - Avg batch time: 0.958s
2025-09-30 03:41:30 | INFO |   Batch 5810/8301 (70.0%) - Loss: 2.9846 - Avg batch time: 0.961s
2025-09-30 03:55:49 | INFO |   Batch 6640/8301 (80.0%) - Loss: 2.1559 - Avg batch time: 0.962s
2025-09-30 04:10:22 | INFO |   Batch 7470/8301 (90.0%) - Loss: 2.5318 - Avg batch time: 0.964s
2025-09-30 04:24:36 | INFO |   Batch 8300/8301 (100.0%) - Loss: 3.3517 - Avg batch time: 0.963s
2025-09-30 04:24:36 | INFO | 
Epoch 7 Summary:
2025-09-30 04:24:36 | INFO |   Average Loss: 3.278089
2025-09-30 04:24:36 | INFO |   Per-codebook losses: ['1.6450', '2.6312', '2.9564', '3.1371', '3.2180', '3.2827', '3.3197', '3.3129', '3.3585', '3.3510', '3.3536', '3.3569', '3.3482', '3.3428', '3.3422', '3.3520', '3.3314', '3.2556', '3.4354', '3.4568', '3.4583', '3.4506', '3.4427', '3.4415', '3.4356', '3.4319', '3.4270', '3.4220', '3.4092', '3.4062', '3.3988', '3.3876']
2025-09-30 04:24:36 | INFO |   Epoch time: 8575.35s
2025-09-30 04:24:36 | INFO |   Average batch time: 0.963s
2025-09-30 04:24:36 | INFO |   Learning rate: 1.00e-04
2025-09-30 04:24:36 | INFO | 
Epoch 8/10
2025-09-30 04:24:36 | INFO | ----------------------------------------
2025-09-30 04:38:28 | INFO |   Batch 830/8301 (10.0%) - Loss: 2.9391 - Avg batch time: 0.935s
2025-09-30 04:52:45 | INFO |   Batch 1660/8301 (20.0%) - Loss: 3.1580 - Avg batch time: 0.948s
2025-09-30 05:07:11 | INFO |   Batch 2490/8301 (30.0%) - Loss: 4.6458 - Avg batch time: 0.956s
2025-09-30 05:21:15 | INFO |   Batch 3320/8301 (40.0%) - Loss: 3.7375 - Avg batch time: 0.954s
2025-09-30 05:35:50 | INFO |   Batch 4150/8301 (50.0%) - Loss: 2.8616 - Avg batch time: 0.960s
2025-09-30 05:50:22 | INFO |   Batch 4980/8301 (60.0%) - Loss: 3.0254 - Avg batch time: 0.963s
2025-09-30 06:04:49 | INFO |   Batch 5810/8301 (70.0%) - Loss: 3.3195 - Avg batch time: 0.964s
2025-09-30 06:19:44 | INFO |   Batch 6640/8301 (80.0%) - Loss: 2.0671 - Avg batch time: 0.969s
2025-09-30 06:33:54 | INFO |   Batch 7470/8301 (90.0%) - Loss: 3.3627 - Avg batch time: 0.968s
2025-09-30 06:47:33 | INFO |   Batch 8300/8301 (100.0%) - Loss: 4.5581 - Avg batch time: 0.963s
2025-09-30 06:47:33 | INFO | 
Epoch 8 Summary:
2025-09-30 06:47:33 | INFO |   Average Loss: 3.268267
2025-09-30 06:47:33 | INFO |   Per-codebook losses: ['1.6383', '2.6213', '2.9457', '3.1262', '3.2076', '3.2715', '3.3089', '3.3022', '3.3478', '3.3407', '3.3434', '3.3471', '3.3380', '3.3329', '3.3325', '3.3420', '3.3222', '3.2465', '3.4254', '3.4472', '3.4477', '3.4407', '3.4329', '3.4318', '3.4263', '3.4222', '3.4169', '3.4126', '3.4003', '3.3972', '3.3899', '3.3786']
2025-09-30 06:47:33 | INFO |   Epoch time: 8576.31s
2025-09-30 06:47:33 | INFO |   Average batch time: 0.963s
2025-09-30 06:47:33 | INFO |   Learning rate: 1.00e-04
2025-09-30 06:47:36 | INFO |   Checkpoint saved: /datasets/onailana/checkpoints/lcm_epoch8.pt
2025-09-30 06:47:36 | INFO | 
Epoch 9/10
2025-09-30 06:47:36 | INFO | ----------------------------------------
2025-09-30 07:01:35 | INFO |   Batch 830/8301 (10.0%) - Loss: 2.4256 - Avg batch time: 0.942s
2025-09-30 07:15:52 | INFO |   Batch 1660/8301 (20.0%) - Loss: 3.3045 - Avg batch time: 0.953s
2025-09-30 07:30:23 | INFO |   Batch 2490/8301 (30.0%) - Loss: 2.9807 - Avg batch time: 0.961s
2025-09-30 07:44:17 | INFO |   Batch 3320/8301 (40.0%) - Loss: 3.4481 - Avg batch time: 0.955s
2025-09-30 07:59:05 | INFO |   Batch 4150/8301 (50.0%) - Loss: 2.8425 - Avg batch time: 0.963s
2025-09-30 08:13:28 | INFO |   Batch 4980/8301 (60.0%) - Loss: 3.6406 - Avg batch time: 0.964s
2025-09-30 08:27:51 | INFO |   Batch 5810/8301 (70.0%) - Loss: 5.1839 - Avg batch time: 0.965s
2025-09-30 08:41:52 | INFO |   Batch 6640/8301 (80.0%) - Loss: 3.4980 - Avg batch time: 0.963s
2025-09-30 08:56:17 | INFO |   Batch 7470/8301 (90.0%) - Loss: 2.6690 - Avg batch time: 0.964s
2025-09-30 09:10:35 | INFO |   Batch 8300/8301 (100.0%) - Loss: 3.0914 - Avg batch time: 0.964s
2025-09-30 09:10:35 | INFO | 
Epoch 9 Summary:
2025-09-30 09:10:35 | INFO |   Average Loss: 3.261248
2025-09-30 09:10:35 | INFO |   Per-codebook losses: ['1.6326', '2.6142', '2.9383', '3.1188', '3.2005', '3.2639', '3.3012', '3.2947', '3.3401', '3.3331', '3.3359', '3.3404', '3.3300', '3.3260', '3.3255', '3.3348', '3.3156', '3.2408', '3.4191', '3.4401', '3.4401', '3.4334', '3.4262', '3.4245', '3.4196', '3.4150', '3.4101', '3.4059', '3.3934', '3.3909', '3.3832', '3.3718']
2025-09-30 09:10:35 | INFO |   Epoch time: 8579.28s
2025-09-30 09:10:35 | INFO |   Average batch time: 0.964s
2025-09-30 09:10:35 | INFO |   Learning rate: 1.00e-04
2025-09-30 09:10:35 | INFO | 
Epoch 10/10
2025-09-30 09:10:35 | INFO | ----------------------------------------
2025-09-30 09:24:46 | INFO |   Batch 830/8301 (10.0%) - Loss: 2.6458 - Avg batch time: 0.956s
2025-09-30 09:39:27 | INFO |   Batch 1660/8301 (20.0%) - Loss: 2.7121 - Avg batch time: 0.974s
2025-09-30 09:53:41 | INFO |   Batch 2490/8301 (30.0%) - Loss: 4.4003 - Avg batch time: 0.970s
2025-09-30 10:07:44 | INFO |   Batch 3320/8301 (40.0%) - Loss: 2.6465 - Avg batch time: 0.964s
2025-09-30 10:21:37 | INFO |   Batch 4150/8301 (50.0%) - Loss: 3.5655 - Avg batch time: 0.959s
2025-09-30 10:35:38 | INFO |   Batch 4980/8301 (60.0%) - Loss: 3.2276 - Avg batch time: 0.956s
2025-09-30 10:49:43 | INFO |   Batch 5810/8301 (70.0%) - Loss: 3.7544 - Avg batch time: 0.955s
2025-09-30 11:04:23 | INFO |   Batch 6640/8301 (80.0%) - Loss: 3.4653 - Avg batch time: 0.959s
2025-09-30 11:19:19 | INFO |   Batch 7470/8301 (90.0%) - Loss: 3.3751 - Avg batch time: 0.964s
2025-09-30 11:34:03 | INFO |   Batch 8300/8301 (100.0%) - Loss: 3.7560 - Avg batch time: 0.967s
2025-09-30 11:34:03 | INFO | 
Epoch 10 Summary:
2025-09-30 11:34:03 | INFO |   Average Loss: 3.249020
2025-09-30 11:34:03 | INFO |   Per-codebook losses: ['1.6260', '2.6036', '2.9276', '3.1074', '3.1886', '3.2514', '3.2887', '3.2821', '3.3271', '3.3198', '3.3229', '3.3277', '3.3170', '3.3133', '3.3123', '3.3213', '3.3039', '3.2293', '3.4061', '3.4271', '3.4269', '3.4207', '3.4132', '3.4116', '3.4069', '3.4023', '3.3974', '3.3942', '3.3819', '3.3789', '3.3714', '3.3599']
2025-09-30 11:34:03 | INFO |   Epoch time: 8607.43s
2025-09-30 11:34:03 | INFO |   Average batch time: 0.967s
2025-09-30 11:34:03 | INFO |   Learning rate: 1.00e-04
2025-09-30 11:34:06 | INFO |   Checkpoint saved: /datasets/onailana/checkpoints/lcm_epoch10.pt
2025-09-30 11:34:08 | INFO | 
============================================================
2025-09-30 11:34:08 | INFO | TRAINING COMPLETED
2025-09-30 11:34:08 | INFO | ============================================================
2025-09-30 11:34:08 | INFO | Total training time: 23.96 hours
2025-09-30 11:34:08 | INFO | Final loss: 3.249020
2025-09-30 11:34:08 | INFO | Average batch time: 0.965s
2025-09-30 11:34:08 | INFO | Final model saved: /datasets/onailana/checkpoints/lcm_final.pt
2025-09-30 11:34:08 | INFO | Training metrics saved: /datasets/onailana/checkpoints/training_metrics_20250929_113614.json
2025-09-30 11:34:08 | INFO | ============================================================
Starting training with CSV: /datasets/onailana/codes/code_data.csv
Training complete!
