Activating virtual environment...
Master node: mscluster109
Master port: 0
World size: 1, Node rank: 0
Job Node: mscluster109
GPUs available: 
Wed Oct 29 02:25:57 2025       
+-----------------------------------------------------------------------------------------+
| NVIDIA-SMI 565.57.01              Driver Version: 565.57.01      CUDA Version: 12.7     |
|-----------------------------------------+------------------------+----------------------+
| GPU  Name                 Persistence-M | Bus-Id          Disp.A | Volatile Uncorr. ECC |
| Fan  Temp   Perf          Pwr:Usage/Cap |           Memory-Usage | GPU-Util  Compute M. |
|                                         |                        |               MIG M. |
|=========================================+========================+======================|
|   0  NVIDIA RTX A6000               Off |   00000000:0D:00.0 Off |                  Off |
| 80%   75C    P8             29W /  300W |       2MiB /  49140MiB |      0%      Default |
|                                         |                        |                  N/A |
+-----------------------------------------+------------------------+----------------------+
|   1  NVIDIA RTX A6000               Off |   00000000:B5:00.0 Off |                  Off |
| 30%   41C    P8             17W /  300W |       2MiB /  49140MiB |      0%      Default |
|                                         |                        |                  N/A |
+-----------------------------------------+------------------------+----------------------+
                                                                                         
+-----------------------------------------------------------------------------------------+
| Processes:                                                                              |
|  GPU   GI   CI        PID   Type   Process name                              GPU Memory |
|        ID   ID                                                               Usage      |
|=========================================================================================|
|  No running processes found                                                             |
+-----------------------------------------------------------------------------------------+
[E socket.cpp:922] [c10d] The client socket has timed out after 1800s while trying to connect to (mscluster109, 0).
Traceback (most recent call last):
  File "/home-mscluster/onailana/ASR-LCM-Research/training6.py", line 111, in <module>
    main()
  File "/home-mscluster/onailana/ASR-LCM-Research/training6.py", line 42, in main
    dist.init_process_group(backend="nccl", init_method="env://")
  File "/home-mscluster/onailana/miniconda3/envs/env/lib/python3.9/site-packages/torch/distributed/c10d_logger.py", line 74, in wrapper
    func_return = func(*args, **kwargs)
  File "/home-mscluster/onailana/miniconda3/envs/env/lib/python3.9/site-packages/torch/distributed/distributed_c10d.py", line 1141, in init_process_group
    store, rank, world_size = next(rendezvous_iterator)
  File "/home-mscluster/onailana/miniconda3/envs/env/lib/python3.9/site-packages/torch/distributed/rendezvous.py", line 241, in _env_rendezvous_handler
    store = _create_c10d_store(master_addr, master_port, rank, world_size, timeout)
  File "/home-mscluster/onailana/miniconda3/envs/env/lib/python3.9/site-packages/torch/distributed/rendezvous.py", line 168, in _create_c10d_store
    tcp_store = TCPStore(hostname, port, world_size, False, timeout)
TimeoutError: The client socket has timed out after 1800s while trying to connect to (mscluster109, 0).
[E socket.cpp:922] [c10d] The client socket has timed out after 1800s while trying to connect to (mscluster109, 0).
Traceback (most recent call last):
  File "/home-mscluster/onailana/ASR-LCM-Research/training6.py", line 111, in <module>
    main()
  File "/home-mscluster/onailana/ASR-LCM-Research/training6.py", line 42, in main
    dist.init_process_group(backend="nccl", init_method="env://")
  File "/home-mscluster/onailana/miniconda3/envs/env/lib/python3.9/site-packages/torch/distributed/c10d_logger.py", line 74, in wrapper
    func_return = func(*args, **kwargs)
  File "/home-mscluster/onailana/miniconda3/envs/env/lib/python3.9/site-packages/torch/distributed/distributed_c10d.py", line 1141, in init_process_group
    store, rank, world_size = next(rendezvous_iterator)
  File "/home-mscluster/onailana/miniconda3/envs/env/lib/python3.9/site-packages/torch/distributed/rendezvous.py", line 241, in _env_rendezvous_handler
    store = _create_c10d_store(master_addr, master_port, rank, world_size, timeout)
  File "/home-mscluster/onailana/miniconda3/envs/env/lib/python3.9/site-packages/torch/distributed/rendezvous.py", line 168, in _create_c10d_store
    tcp_store = TCPStore(hostname, port, world_size, False, timeout)
TimeoutError: The client socket has timed out after 1800s while trying to connect to (mscluster109, 0).
[2025-10-29 02:56:47,650] torch.distributed.elastic.multiprocessing.api: [ERROR] failed (exitcode: 1) local_rank: 0 (pid: 6735) of binary: /home-mscluster/onailana/miniconda3/envs/env/bin/python3.9
Traceback (most recent call last):
  File "/home-mscluster/onailana/miniconda3/envs/env/bin/torchrun", line 7, in <module>
    sys.exit(main())
  File "/home-mscluster/onailana/miniconda3/envs/env/lib/python3.9/site-packages/torch/distributed/elastic/multiprocessing/errors/__init__.py", line 346, in wrapper
    return f(*args, **kwargs)
  File "/home-mscluster/onailana/miniconda3/envs/env/lib/python3.9/site-packages/torch/distributed/run.py", line 806, in main
    run(args)
  File "/home-mscluster/onailana/miniconda3/envs/env/lib/python3.9/site-packages/torch/distributed/run.py", line 797, in run
    elastic_launch(
  File "/home-mscluster/onailana/miniconda3/envs/env/lib/python3.9/site-packages/torch/distributed/launcher/api.py", line 134, in __call__
    return launch_agent(self._config, self._entrypoint, list(args))
  File "/home-mscluster/onailana/miniconda3/envs/env/lib/python3.9/site-packages/torch/distributed/launcher/api.py", line 264, in launch_agent
    raise ChildFailedError(
torch.distributed.elastic.multiprocessing.errors.ChildFailedError: 
============================================================
/home-mscluster/onailana/ASR-LCM-Research/training6.py FAILED
------------------------------------------------------------
Failures:
[1]:
  time      : 2025-10-29_02:56:47
  host      : mscluster109.ms.wits.ac.za
  rank      : 1 (local_rank: 1)
  exitcode  : 1 (pid: 6736)
  error_file: <N/A>
  traceback : To enable traceback see: https://pytorch.org/docs/stable/elastic/errors.html
------------------------------------------------------------
Root Cause (first observed failure):
[0]:
  time      : 2025-10-29_02:56:47
  host      : mscluster109.ms.wits.ac.za
  rank      : 0 (local_rank: 0)
  exitcode  : 1 (pid: 6735)
  error_file: <N/A>
  traceback : To enable traceback see: https://pytorch.org/docs/stable/elastic/errors.html
============================================================
Training complete at Wed Oct 29 02:56:48 AM SAST 2025
