[2025-10-15 23:06:26,891] torch.distributed.run: [WARNING] 
[2025-10-15 23:06:26,891] torch.distributed.run: [WARNING] *****************************************
[2025-10-15 23:06:26,891] torch.distributed.run: [WARNING] Setting OMP_NUM_THREADS environment variable for each process to be 1 in default, to avoid your system being overloaded, please further tune the variable for optimal performance in your application as needed. 
[2025-10-15 23:06:26,891] torch.distributed.run: [WARNING] *****************************************
Traceback (most recent call last):
  File "/home-mscluster/onailana/ASR-LCM-Research/training5.py", line 117, in <module>
    main()
  File "/home-mscluster/onailana/ASR-LCM-Research/training5.py", line 88, in main
    train(
TypeError: train() got an unexpected keyword argument 'val_batch_size'
Traceback (most recent call last):
  File "/home-mscluster/onailana/ASR-LCM-Research/training5.py", line 117, in <module>
    main()
  File "/home-mscluster/onailana/ASR-LCM-Research/training5.py", line 88, in main
    train(
TypeError: train() got an unexpected keyword argument 'val_batch_size'
[2025-10-15 23:06:31,928] torch.distributed.elastic.multiprocessing.api: [ERROR] failed (exitcode: 1) local_rank: 0 (pid: 3293880) of binary: /home-mscluster/onailana/miniconda3/envs/env/bin/python3.9
Traceback (most recent call last):
  File "/home-mscluster/onailana/miniconda3/envs/env/bin/torchrun", line 7, in <module>
    sys.exit(main())
  File "/home-mscluster/onailana/miniconda3/envs/env/lib/python3.9/site-packages/torch/distributed/elastic/multiprocessing/errors/__init__.py", line 346, in wrapper
    return f(*args, **kwargs)
  File "/home-mscluster/onailana/miniconda3/envs/env/lib/python3.9/site-packages/torch/distributed/run.py", line 806, in main
    run(args)
  File "/home-mscluster/onailana/miniconda3/envs/env/lib/python3.9/site-packages/torch/distributed/run.py", line 797, in run
    elastic_launch(
  File "/home-mscluster/onailana/miniconda3/envs/env/lib/python3.9/site-packages/torch/distributed/launcher/api.py", line 134, in __call__
    return launch_agent(self._config, self._entrypoint, list(args))
  File "/home-mscluster/onailana/miniconda3/envs/env/lib/python3.9/site-packages/torch/distributed/launcher/api.py", line 264, in launch_agent
    raise ChildFailedError(
torch.distributed.elastic.multiprocessing.errors.ChildFailedError: 
============================================================
/home-mscluster/onailana/ASR-LCM-Research/training5.py FAILED
------------------------------------------------------------
Failures:
[1]:
  time      : 2025-10-15_23:06:31
  host      : mscluster106.ms.wits.ac.za
  rank      : 1 (local_rank: 1)
  exitcode  : 1 (pid: 3293881)
  error_file: <N/A>
  traceback : To enable traceback see: https://pytorch.org/docs/stable/elastic/errors.html
------------------------------------------------------------
Root Cause (first observed failure):
[0]:
  time      : 2025-10-15_23:06:31
  host      : mscluster106.ms.wits.ac.za
  rank      : 0 (local_rank: 0)
  exitcode  : 1 (pid: 3293880)
  error_file: <N/A>
  traceback : To enable traceback see: https://pytorch.org/docs/stable/elastic/errors.html
============================================================
