[2025-10-15 23:12:17,400] torch.distributed.run: [WARNING] 
[2025-10-15 23:12:17,400] torch.distributed.run: [WARNING] *****************************************
[2025-10-15 23:12:17,400] torch.distributed.run: [WARNING] Setting OMP_NUM_THREADS environment variable for each process to be 1 in default, to avoid your system being overloaded, please further tune the variable for optimal performance in your application as needed. 
[2025-10-15 23:12:17,400] torch.distributed.run: [WARNING] *****************************************
usage: training5.py [-h] --csv_path CSV_PATH [--val_csv_path VAL_CSV_PATH]
                    [--d_model D_MODEL] [--n_heads N_HEADS]
                    [--num_layers NUM_LAYERS]
                    [--batch_size PER_STEP_BATCH_SIZE]
                    [--val_batch_size VAL_BATCH_SIZE] [--epochs EPOCHS]
                    [--lr LR] [--checkpoint_dir CHECKPOINT_DIR]
                    [--lambda_waveform LAMBDA_WAVEFORM]
                    [--lambda_stft LAMBDA_STFT]
                    [--wandb_project WANDB_PROJECT] [--log_grads]
                    [--resume {0,1}] [--weight_decay WEIGHT_DECAY]
                    --n_codebooks N_CODEBOOKS
usage: training5.py [-h] --csv_path CSV_PATH [--val_csv_path VAL_CSV_PATH]
                    [--d_model D_MODEL] [--n_heads N_HEADS]
                    [--num_layers NUM_LAYERS]
                    [--batch_size PER_STEP_BATCH_SIZE]
                    [--val_batch_size VAL_BATCH_SIZE] [--epochs EPOCHS]
                    [--lr LR] [--checkpoint_dir CHECKPOINT_DIR]
                    [--lambda_waveform LAMBDA_WAVEFORM]
                    [--lambda_stft LAMBDA_STFT]
                    [--wandb_project WANDB_PROJECT] [--log_grads]
                    [--resume {0,1}] [--weight_decay WEIGHT_DECAY]
                    --n_codebooks N_CODEBOOKS
training5.py: error: the following arguments are required: --n_codebooks
training5.py: error: the following arguments are required: --n_codebooks
[2025-10-15 23:12:27,451] torch.distributed.elastic.multiprocessing.api: [ERROR] failed (exitcode: 2) local_rank: 0 (pid: 3294073) of binary: /home-mscluster/onailana/miniconda3/envs/env/bin/python3.9
Traceback (most recent call last):
  File "/home-mscluster/onailana/miniconda3/envs/env/bin/torchrun", line 7, in <module>
    sys.exit(main())
  File "/home-mscluster/onailana/miniconda3/envs/env/lib/python3.9/site-packages/torch/distributed/elastic/multiprocessing/errors/__init__.py", line 346, in wrapper
    return f(*args, **kwargs)
  File "/home-mscluster/onailana/miniconda3/envs/env/lib/python3.9/site-packages/torch/distributed/run.py", line 806, in main
    run(args)
  File "/home-mscluster/onailana/miniconda3/envs/env/lib/python3.9/site-packages/torch/distributed/run.py", line 797, in run
    elastic_launch(
  File "/home-mscluster/onailana/miniconda3/envs/env/lib/python3.9/site-packages/torch/distributed/launcher/api.py", line 134, in __call__
    return launch_agent(self._config, self._entrypoint, list(args))
  File "/home-mscluster/onailana/miniconda3/envs/env/lib/python3.9/site-packages/torch/distributed/launcher/api.py", line 264, in launch_agent
    raise ChildFailedError(
torch.distributed.elastic.multiprocessing.errors.ChildFailedError: 
============================================================
/home-mscluster/onailana/ASR-LCM-Research/training5.py FAILED
------------------------------------------------------------
Failures:
[1]:
  time      : 2025-10-15_23:12:27
  host      : mscluster106.ms.wits.ac.za
  rank      : 1 (local_rank: 1)
  exitcode  : 2 (pid: 3294074)
  error_file: <N/A>
  traceback : To enable traceback see: https://pytorch.org/docs/stable/elastic/errors.html
------------------------------------------------------------
Root Cause (first observed failure):
[0]:
  time      : 2025-10-15_23:12:27
  host      : mscluster106.ms.wits.ac.za
  rank      : 0 (local_rank: 0)
  exitcode  : 2 (pid: 3294073)
  error_file: <N/A>
  traceback : To enable traceback see: https://pytorch.org/docs/stable/elastic/errors.html
============================================================
